<?xml version="1.0" encoding="UTF-8" ?>
<testsuite failures="0" time="0.229" errors="1" skipped="0" tests="1" name="it.unitn.disi.sweb.names.utils.TestNameSearch">
  <properties>
    <property name="jboss.i18n.generate-proxies" value="true"/>
    <property name="java.runtime.name" value="Java(TM) SE Runtime Environment"/>
    <property name="sun.boot.library.path" value="/Library/Java/JavaVirtualMachines/jdk1.7.0_07.jdk/Contents/Home/jre/lib"/>
    <property name="java.vm.version" value="23.3-b01"/>
    <property name="gopherProxySet" value="false"/>
    <property name="java.vm.vendor" value="Oracle Corporation"/>
    <property name="java.vendor.url" value="http://java.oracle.com/"/>
    <property name="path.separator" value=":"/>
    <property name="java.vm.name" value="Java HotSpot(TM) 64-Bit Server VM"/>
    <property name="file.encoding.pkg" value="sun.io"/>
    <property name="user.country" value="IT"/>
    <property name="sun.java.launcher" value="SUN_STANDARD"/>
    <property name="sun.os.patch.level" value="unknown"/>
    <property name="java.vm.specification.name" value="Java Virtual Machine Specification"/>
    <property name="user.dir" value="/Users/stella/Documents/Programming/workspace/names"/>
    <property name="java.runtime.version" value="1.7.0_07-b10"/>
    <property name="java.awt.graphicsenv" value="sun.awt.CGraphicsEnvironment"/>
    <property name="basedir" value="/Users/stella/Documents/Programming/workspace/names"/>
    <property name="java.endorsed.dirs" value="/Library/Java/JavaVirtualMachines/jdk1.7.0_07.jdk/Contents/Home/jre/lib/endorsed"/>
    <property name="os.arch" value="x86_64"/>
    <property name="surefire.real.class.path" value="/Users/stella/Documents/Programming/workspace/names/target/surefire/surefirebooter4839124054445116269.jar:/var/folders/26/_3shcd7j45j4wgv623_sgf7r0000gn/T/jacocoagent4846818111186236739.jar"/>
    <property name="java.io.tmpdir" value="/var/folders/26/_3shcd7j45j4wgv623_sgf7r0000gn/T/"/>
    <property name="line.separator" value="
"/>
    <property name="java.vm.specification.vendor" value="Oracle Corporation"/>
    <property name="os.name" value="Mac OS X"/>
    <property name="sun.jnu.encoding" value="UTF-8"/>
    <property name="java.library.path" value="/Users/stella/Library/Java/Extensions:/Library/Java/Extensions:/Network/Library/Java/Extensions:/System/Library/Java/Extensions:/usr/lib/java:."/>
    <property name="surefire.test.class.path" value="/Users/stella/Documents/Programming/workspace/names/target/test-classes:/Users/stella/Documents/Programming/workspace/names/target/classes:/Users/stella/.m2/repository/org/hibernate/hibernate-core/4.1.9.Final/hibernate-core-4.1.9.Final.jar:/Users/stella/.m2/repository/antlr/antlr/2.7.7/antlr-2.7.7.jar:/Users/stella/.m2/repository/org/jboss/logging/jboss-logging/3.1.0.GA/jboss-logging-3.1.0.GA.jar:/Users/stella/.m2/repository/org/javassist/javassist/3.17.1-GA/javassist-3.17.1-GA.jar:/Users/stella/.m2/repository/org/jboss/spec/javax/transaction/jboss-transaction-api_1.1_spec/1.0.0.Final/jboss-transaction-api_1.1_spec-1.0.0.Final.jar:/Users/stella/.m2/repository/dom4j/dom4j/1.6.1/dom4j-1.6.1.jar:/Users/stella/.m2/repository/org/hibernate/javax/persistence/hibernate-jpa-2.0-api/1.0.1.Final/hibernate-jpa-2.0-api-1.0.1.Final.jar:/Users/stella/.m2/repository/org/hibernate/common/hibernate-commons-annotations/4.0.1.Final/hibernate-commons-annotations-4.0.1.Final.jar:/Users/stella/.m2/repository/org/springframework/spring-core/3.1.3.RELEASE/spring-core-3.1.3.RELEASE.jar:/Users/stella/.m2/repository/org/springframework/spring-asm/3.1.3.RELEASE/spring-asm-3.1.3.RELEASE.jar:/Users/stella/.m2/repository/commons-logging/commons-logging/1.1.1/commons-logging-1.1.1.jar:/Users/stella/.m2/repository/org/springframework/spring-orm/3.1.3.RELEASE/spring-orm-3.1.3.RELEASE.jar:/Users/stella/.m2/repository/org/springframework/spring-jdbc/3.1.3.RELEASE/spring-jdbc-3.1.3.RELEASE.jar:/Users/stella/.m2/repository/org/springframework/spring-tx/3.1.3.RELEASE/spring-tx-3.1.3.RELEASE.jar:/Users/stella/.m2/repository/aopalliance/aopalliance/1.0/aopalliance-1.0.jar:/Users/stella/.m2/repository/org/springframework/spring-aop/3.1.3.RELEASE/spring-aop-3.1.3.RELEASE.jar:/Users/stella/.m2/repository/org/springframework/spring-context/3.1.3.RELEASE/spring-context-3.1.3.RELEASE.jar:/Users/stella/.m2/repository/org/springframework/spring-expression/3.1.3.RELEASE/spring-expression-3.1.3.RELEASE.jar:/Users/stella/.m2/repository/org/springframework/spring-beans/3.1.3.RELEASE/spring-beans-3.1.3.RELEASE.jar:/Users/stella/.m2/repository/postgresql/postgresql/9.1-901-1.jdbc4/postgresql-9.1-901-1.jdbc4.jar:/Users/stella/.m2/repository/org/springframework/spring-test/3.1.3.RELEASE/spring-test-3.1.3.RELEASE.jar:/Users/stella/.m2/repository/commons-dbcp/commons-dbcp/20030825.184428/commons-dbcp-20030825.184428.jar:/Users/stella/.m2/repository/commons-pool/commons-pool/20030825.183949/commons-pool-20030825.183949.jar:/Users/stella/.m2/repository/jtidy/jtidy/4aug2000r7-dev/jtidy-4aug2000r7-dev.jar:/Users/stella/.m2/repository/com/itextpdf/itextpdf/5.3.4/itextpdf-5.3.4.jar:/Users/stella/.m2/repository/com/itextpdf/tool/xmlworker/1.2.1/xmlworker-1.2.1.jar:/Users/stella/.m2/repository/org/bouncycastle/bcmail-jdk16/1.46/bcmail-jdk16-1.46.jar:/Users/stella/.m2/repository/org/bouncycastle/bcprov-jdk16/1.46/bcprov-jdk16-1.46.jar:/Users/stella/.m2/repository/org/bouncycastle/bctsp-jdk16/1.46/bctsp-jdk16-1.46.jar:/Users/stella/.m2/repository/org/bouncycastle/bcpg-jdk16/1.46/bcpg-jdk16-1.46.jar:/Users/stella/.m2/repository/org/hibernate/hibernate-entitymanager/4.1.9.Final/hibernate-entitymanager-4.1.9.Final.jar:/Users/stella/.m2/repository/junit/junit/4.8.1/junit-4.8.1.jar:"/>
    <property name="java.specification.name" value="Java Platform API Specification"/>
    <property name="java.class.version" value="51.0"/>
    <property name="sun.management.compiler" value="HotSpot 64-Bit Tiered Compilers"/>
    <property name="os.version" value="10.8.2"/>
    <property name="http.nonProxyHosts" value="local|*.local|169.254/16|*.169.254/16"/>
    <property name="user.home" value="/Users/stella"/>
    <property name="user.timezone" value="Europe/Rome"/>
    <property name="java.awt.printerjob" value="sun.lwawt.macosx.CPrinterJob"/>
    <property name="java.specification.version" value="1.7"/>
    <property name="file.encoding" value="UTF-8"/>
    <property name="user.name" value="stella"/>
    <property name="java.class.path" value="/Users/stella/Documents/Programming/workspace/names/target/test-classes:/Users/stella/Documents/Programming/workspace/names/target/classes:/Users/stella/.m2/repository/org/hibernate/hibernate-core/4.1.9.Final/hibernate-core-4.1.9.Final.jar:/Users/stella/.m2/repository/antlr/antlr/2.7.7/antlr-2.7.7.jar:/Users/stella/.m2/repository/org/jboss/logging/jboss-logging/3.1.0.GA/jboss-logging-3.1.0.GA.jar:/Users/stella/.m2/repository/org/javassist/javassist/3.17.1-GA/javassist-3.17.1-GA.jar:/Users/stella/.m2/repository/org/jboss/spec/javax/transaction/jboss-transaction-api_1.1_spec/1.0.0.Final/jboss-transaction-api_1.1_spec-1.0.0.Final.jar:/Users/stella/.m2/repository/dom4j/dom4j/1.6.1/dom4j-1.6.1.jar:/Users/stella/.m2/repository/org/hibernate/javax/persistence/hibernate-jpa-2.0-api/1.0.1.Final/hibernate-jpa-2.0-api-1.0.1.Final.jar:/Users/stella/.m2/repository/org/hibernate/common/hibernate-commons-annotations/4.0.1.Final/hibernate-commons-annotations-4.0.1.Final.jar:/Users/stella/.m2/repository/org/springframework/spring-core/3.1.3.RELEASE/spring-core-3.1.3.RELEASE.jar:/Users/stella/.m2/repository/org/springframework/spring-asm/3.1.3.RELEASE/spring-asm-3.1.3.RELEASE.jar:/Users/stella/.m2/repository/commons-logging/commons-logging/1.1.1/commons-logging-1.1.1.jar:/Users/stella/.m2/repository/org/springframework/spring-orm/3.1.3.RELEASE/spring-orm-3.1.3.RELEASE.jar:/Users/stella/.m2/repository/org/springframework/spring-jdbc/3.1.3.RELEASE/spring-jdbc-3.1.3.RELEASE.jar:/Users/stella/.m2/repository/org/springframework/spring-tx/3.1.3.RELEASE/spring-tx-3.1.3.RELEASE.jar:/Users/stella/.m2/repository/aopalliance/aopalliance/1.0/aopalliance-1.0.jar:/Users/stella/.m2/repository/org/springframework/spring-aop/3.1.3.RELEASE/spring-aop-3.1.3.RELEASE.jar:/Users/stella/.m2/repository/org/springframework/spring-context/3.1.3.RELEASE/spring-context-3.1.3.RELEASE.jar:/Users/stella/.m2/repository/org/springframework/spring-expression/3.1.3.RELEASE/spring-expression-3.1.3.RELEASE.jar:/Users/stella/.m2/repository/org/springframework/spring-beans/3.1.3.RELEASE/spring-beans-3.1.3.RELEASE.jar:/Users/stella/.m2/repository/postgresql/postgresql/9.1-901-1.jdbc4/postgresql-9.1-901-1.jdbc4.jar:/Users/stella/.m2/repository/org/springframework/spring-test/3.1.3.RELEASE/spring-test-3.1.3.RELEASE.jar:/Users/stella/.m2/repository/commons-dbcp/commons-dbcp/20030825.184428/commons-dbcp-20030825.184428.jar:/Users/stella/.m2/repository/commons-pool/commons-pool/20030825.183949/commons-pool-20030825.183949.jar:/Users/stella/.m2/repository/jtidy/jtidy/4aug2000r7-dev/jtidy-4aug2000r7-dev.jar:/Users/stella/.m2/repository/com/itextpdf/itextpdf/5.3.4/itextpdf-5.3.4.jar:/Users/stella/.m2/repository/com/itextpdf/tool/xmlworker/1.2.1/xmlworker-1.2.1.jar:/Users/stella/.m2/repository/org/bouncycastle/bcmail-jdk16/1.46/bcmail-jdk16-1.46.jar:/Users/stella/.m2/repository/org/bouncycastle/bcprov-jdk16/1.46/bcprov-jdk16-1.46.jar:/Users/stella/.m2/repository/org/bouncycastle/bctsp-jdk16/1.46/bctsp-jdk16-1.46.jar:/Users/stella/.m2/repository/org/bouncycastle/bcpg-jdk16/1.46/bcpg-jdk16-1.46.jar:/Users/stella/.m2/repository/org/hibernate/hibernate-entitymanager/4.1.9.Final/hibernate-entitymanager-4.1.9.Final.jar:/Users/stella/.m2/repository/junit/junit/4.8.1/junit-4.8.1.jar:"/>
    <property name="java.vm.specification.version" value="1.7"/>
    <property name="sun.arch.data.model" value="64"/>
    <property name="java.home" value="/Library/Java/JavaVirtualMachines/jdk1.7.0_07.jdk/Contents/Home/jre"/>
    <property name="sun.java.command" value="/Users/stella/Documents/Programming/workspace/names/target/surefire/surefirebooter4839124054445116269.jar /Users/stella/Documents/Programming/workspace/names/target/surefire/surefire4345070411128968933tmp /Users/stella/Documents/Programming/workspace/names/target/surefire/surefire4450693147607951739tmp"/>
    <property name="java.specification.vendor" value="Oracle Corporation"/>
    <property name="user.language" value="it"/>
    <property name="awt.toolkit" value="sun.lwawt.macosx.LWCToolkit"/>
    <property name="java.vm.info" value="mixed mode"/>
    <property name="java.version" value="1.7.0_07"/>
    <property name="java.ext.dirs" value="/Users/stella/Library/Java/Extensions:/Library/Java/JavaVirtualMachines/jdk1.7.0_07.jdk/Contents/Home/jre/lib/ext:/Library/Java/Extensions:/Network/Library/Java/Extensions:/System/Library/Java/Extensions:/usr/lib/java"/>
    <property name="sun.boot.class.path" value="/Library/Java/JavaVirtualMachines/jdk1.7.0_07.jdk/Contents/Home/jre/lib/resources.jar:/Library/Java/JavaVirtualMachines/jdk1.7.0_07.jdk/Contents/Home/jre/lib/rt.jar:/Library/Java/JavaVirtualMachines/jdk1.7.0_07.jdk/Contents/Home/jre/lib/sunrsasign.jar:/Library/Java/JavaVirtualMachines/jdk1.7.0_07.jdk/Contents/Home/jre/lib/jsse.jar:/Library/Java/JavaVirtualMachines/jdk1.7.0_07.jdk/Contents/Home/jre/lib/jce.jar:/Library/Java/JavaVirtualMachines/jdk1.7.0_07.jdk/Contents/Home/jre/lib/charsets.jar:/Library/Java/JavaVirtualMachines/jdk1.7.0_07.jdk/Contents/Home/jre/lib/jfr.jar:/Library/Java/JavaVirtualMachines/jdk1.7.0_07.jdk/Contents/Home/jre/lib/JObjC.jar:/Library/Java/JavaVirtualMachines/jdk1.7.0_07.jdk/Contents/Home/jre/classes"/>
    <property name="java.vendor" value="Oracle Corporation"/>
    <property name="localRepository" value="/Users/stella/.m2/repository"/>
    <property name="file.separator" value="/"/>
    <property name="java.vendor.url.bug" value="http://bugreport.sun.com/bugreport/"/>
    <property name="sun.cpu.endian" value="little"/>
    <property name="sun.io.unicode.encoding" value="UnicodeBig"/>
    <property name="socksNonProxyHosts" value="local|*.local|169.254/16|*.169.254/16"/>
    <property name="ftp.nonProxyHosts" value="local|*.local|169.254/16|*.169.254/16"/>
    <property name="sun.cpu.isalist" value=""/>
  </properties>
  <testcase time="0.221" classname="it.unitn.disi.sweb.names.utils.TestNameSearch" name="searchEquals">
    <error message="Failed to load ApplicationContext" type="java.lang.IllegalStateException">java.lang.IllegalStateException: Failed to load ApplicationContext
	at org.springframework.test.context.TestContext.getApplicationContext(TestContext.java:157)
	at org.springframework.test.context.support.DependencyInjectionTestExecutionListener.injectDependencies(DependencyInjectionTestExecutionListener.java:109)
	at org.springframework.test.context.support.DependencyInjectionTestExecutionListener.prepareTestInstance(DependencyInjectionTestExecutionListener.java:75)
	at org.springframework.test.context.TestContextManager.prepareTestInstance(TestContextManager.java:321)
	at org.springframework.test.context.junit4.SpringJUnit4ClassRunner.createTest(SpringJUnit4ClassRunner.java:211)
	at org.springframework.test.context.junit4.SpringJUnit4ClassRunner$1.runReflectiveCall(SpringJUnit4ClassRunner.java:288)
	at org.junit.internal.runners.model.ReflectiveCallable.run(ReflectiveCallable.java:15)
	at org.springframework.test.context.junit4.SpringJUnit4ClassRunner.methodBlock(SpringJUnit4ClassRunner.java:290)
	at org.springframework.test.context.junit4.SpringJUnit4ClassRunner.runChild(SpringJUnit4ClassRunner.java:231)
	at org.junit.runners.BlockJUnit4ClassRunner.runChild(BlockJUnit4ClassRunner.java:50)
	at org.junit.runners.ParentRunner$3.run(ParentRunner.java:193)
	at org.junit.runners.ParentRunner$1.schedule(ParentRunner.java:52)
	at org.junit.runners.ParentRunner.runChildren(ParentRunner.java:191)
	at org.junit.runners.ParentRunner.access$000(ParentRunner.java:42)
	at org.junit.runners.ParentRunner$2.evaluate(ParentRunner.java:184)
	at org.springframework.test.context.junit4.statements.RunBeforeTestClassCallbacks.evaluate(RunBeforeTestClassCallbacks.java:61)
	at org.springframework.test.context.junit4.statements.RunAfterTestClassCallbacks.evaluate(RunAfterTestClassCallbacks.java:71)
	at org.junit.runners.ParentRunner.run(ParentRunner.java:236)
	at org.springframework.test.context.junit4.SpringJUnit4ClassRunner.run(SpringJUnit4ClassRunner.java:174)
	at org.apache.maven.surefire.junit4.JUnit4TestSet.execute(JUnit4TestSet.java:35)
	at org.apache.maven.surefire.junit4.JUnit4Provider.executeTestSet(JUnit4Provider.java:115)
	at org.apache.maven.surefire.junit4.JUnit4Provider.invoke(JUnit4Provider.java:97)
	at sun.reflect.NativeMethodAccessorImpl.invoke0(Native Method)
	at sun.reflect.NativeMethodAccessorImpl.invoke(NativeMethodAccessorImpl.java:57)
	at sun.reflect.DelegatingMethodAccessorImpl.invoke(DelegatingMethodAccessorImpl.java:43)
	at java.lang.reflect.Method.invoke(Method.java:601)
	at org.apache.maven.surefire.booter.ProviderFactory$ClassLoaderProxy.invoke(ProviderFactory.java:103)
	at $Proxy0.invoke(Unknown Source)
	at org.apache.maven.surefire.booter.SurefireStarter.invokeProvider(SurefireStarter.java:150)
	at org.apache.maven.surefire.booter.SurefireStarter.runSuitesInProcess(SurefireStarter.java:91)
	at org.apache.maven.surefire.booter.ForkedBooter.main(ForkedBooter.java:69)
Caused by: org.springframework.beans.factory.BeanCreationException: Error creating bean with name &apos;entityManagerFactory&apos; defined in class path resource [testApplicationContext.xml]: Invocation of init method failed; nested exception is javax.persistence.PersistenceException: [PersistenceUnit: namesUnit] Unable to build EntityManagerFactory
	at org.springframework.beans.factory.support.AbstractAutowireCapableBeanFactory.initializeBean(AbstractAutowireCapableBeanFactory.java:1455)
	at org.springframework.beans.factory.support.AbstractAutowireCapableBeanFactory.doCreateBean(AbstractAutowireCapableBeanFactory.java:519)
	at org.springframework.beans.factory.support.AbstractAutowireCapableBeanFactory.createBean(AbstractAutowireCapableBeanFactory.java:456)
	at org.springframework.beans.factory.support.AbstractBeanFactory$1.getObject(AbstractBeanFactory.java:294)
	at org.springframework.beans.factory.support.DefaultSingletonBeanRegistry.getSingleton(DefaultSingletonBeanRegistry.java:225)
	at org.springframework.beans.factory.support.AbstractBeanFactory.doGetBean(AbstractBeanFactory.java:291)
	at org.springframework.beans.factory.support.AbstractBeanFactory.getBean(AbstractBeanFactory.java:193)
	at org.springframework.beans.factory.support.DefaultListableBeanFactory.preInstantiateSingletons(DefaultListableBeanFactory.java:587)
	at org.springframework.context.support.AbstractApplicationContext.finishBeanFactoryInitialization(AbstractApplicationContext.java:925)
	at org.springframework.context.support.AbstractApplicationContext.refresh(AbstractApplicationContext.java:472)
	at org.springframework.test.context.support.AbstractGenericContextLoader.loadContext(AbstractGenericContextLoader.java:103)
	at org.springframework.test.context.support.AbstractGenericContextLoader.loadContext(AbstractGenericContextLoader.java:1)
	at org.springframework.test.context.support.DelegatingSmartContextLoader.loadContext(DelegatingSmartContextLoader.java:228)
	at org.springframework.test.context.TestContext.loadApplicationContext(TestContext.java:124)
	at org.springframework.test.context.TestContext.getApplicationContext(TestContext.java:148)
	... 30 more
Caused by: javax.persistence.PersistenceException: [PersistenceUnit: namesUnit] Unable to build EntityManagerFactory
	at org.hibernate.ejb.Ejb3Configuration.buildEntityManagerFactory(Ejb3Configuration.java:915)
	at org.hibernate.ejb.Ejb3Configuration.buildEntityManagerFactory(Ejb3Configuration.java:890)
	at org.hibernate.ejb.HibernatePersistence.createEntityManagerFactory(HibernatePersistence.java:57)
	at javax.persistence.Persistence.createEntityManagerFactory(Persistence.java:63)
	at org.springframework.orm.jpa.LocalEntityManagerFactoryBean.createNativeEntityManagerFactory(LocalEntityManagerFactoryBean.java:92)
	at org.springframework.orm.jpa.AbstractEntityManagerFactoryBean.afterPropertiesSet(AbstractEntityManagerFactoryBean.java:310)
	at org.springframework.beans.factory.support.AbstractAutowireCapableBeanFactory.invokeInitMethods(AbstractAutowireCapableBeanFactory.java:1514)
	at org.springframework.beans.factory.support.AbstractAutowireCapableBeanFactory.initializeBean(AbstractAutowireCapableBeanFactory.java:1452)
	... 44 more
Caused by: org.hibernate.AnnotationException: No identifier specified for entity: it.unitn.disi.sweb.names.model.NameStatistics
	at org.hibernate.cfg.InheritanceState.determineDefaultAccessType(InheritanceState.java:277)
	at org.hibernate.cfg.InheritanceState.getElementsToProcess(InheritanceState.java:224)
	at org.hibernate.cfg.AnnotationBinder.bindClass(AnnotationBinder.java:664)
	at org.hibernate.cfg.Configuration$MetadataSourceQueue.processAnnotatedClassesQueue(Configuration.java:3443)
	at org.hibernate.cfg.Configuration$MetadataSourceQueue.processMetadata(Configuration.java:3397)
	at org.hibernate.cfg.Configuration.secondPassCompile(Configuration.java:1341)
	at org.hibernate.cfg.Configuration.buildSessionFactory(Configuration.java:1737)
	at org.hibernate.ejb.EntityManagerFactoryImpl.&lt;init&gt;(EntityManagerFactoryImpl.java:94)
	at org.hibernate.ejb.Ejb3Configuration.buildEntityManagerFactory(Ejb3Configuration.java:905)
	... 51 more
</error>
    <system-out>@SLTests run: 5, Failures: 0, Errors: 5, Skipped: 0, Time elapsed: 1.142 sec &lt;&lt;&lt; FAILURE!
@SLRunning it.unitn.disi.sweb.names.utils.TestNameSearch
</system-out>
    <system-err>dic 29, 2012 11:30:44 AM org.springframework.test.context.TestContextManager retrieveTestExecutionListeners
INFO: @TestExecutionListeners is not present for class [class it.unitn.disi.sweb.names.utils.TestNameSearch]: using defaults.
dic 29, 2012 11:30:44 AM org.springframework.beans.factory.xml.XmlBeanDefinitionReader loadBeanDefinitions
INFO: Loading XML bean definitions from class path resource [testApplicationContext.xml]
dic 29, 2012 11:30:44 AM org.springframework.context.support.AbstractApplicationContext prepareRefresh
INFO: Refreshing org.springframework.context.support.GenericApplicationContext@69210267: startup date [Sat Dec 29 11:30:44 CET 2012]; root of context hierarchy
dic 29, 2012 11:30:44 AM org.springframework.beans.factory.support.DefaultListableBeanFactory preInstantiateSingletons
INFO: Pre-instantiating singletons in org.springframework.beans.factory.support.DefaultListableBeanFactory@78047040: defining beans [entityManagerFactory,dataSource,transactionManager,org.springframework.aop.config.internalAutoProxyCreator,org.springframework.transaction.annotation.AnnotationTransactionAttributeSource#0,org.springframework.transaction.interceptor.TransactionInterceptor#0,org.springframework.transaction.config.internalTransactionAdvisor,org.springframework.orm.jpa.support.PersistenceAnnotationBeanPostProcessor#0,dictionaryDAO,entityDAO,etypeDAO,fullNameDAO,individualNameDAO,nameElementDAO,nameTokenDAO,triggerWordDAO,twStatisticDAO,twTokenDAO,twTypeDAO,org.springframework.context.annotation.internalConfigurationAnnotationProcessor,org.springframework.context.annotation.internalAutowiredAnnotationProcessor,org.springframework.context.annotation.internalRequiredAnnotationProcessor,org.springframework.context.annotation.internalCommonAnnotationProcessor,org.springframework.context.annotation.internalPersistenceAnnotationProcessor,elementManager,entityManager,etypemanager,nameManager,nameMatcher,nameSearch,dbBootstrap,misspellingsComparator,org.springframework.context.annotation.ConfigurationClassPostProcessor.importAwareProcessor]; root of factory hierarchy
dic 29, 2012 11:30:44 AM org.springframework.orm.jpa.LocalEntityManagerFactoryBean createNativeEntityManagerFactory
INFO: Building JPA EntityManagerFactory for persistence unit &apos;namesUnit&apos;
dic 29, 2012 11:30:44 AM org.springframework.beans.factory.support.DefaultSingletonBeanRegistry destroySingletons
INFO: Destroying singletons in org.springframework.beans.factory.support.DefaultListableBeanFactory@78047040: defining beans [entityManagerFactory,dataSource,transactionManager,org.springframework.aop.config.internalAutoProxyCreator,org.springframework.transaction.annotation.AnnotationTransactionAttributeSource#0,org.springframework.transaction.interceptor.TransactionInterceptor#0,org.springframework.transaction.config.internalTransactionAdvisor,org.springframework.orm.jpa.support.PersistenceAnnotationBeanPostProcessor#0,dictionaryDAO,entityDAO,etypeDAO,fullNameDAO,individualNameDAO,nameElementDAO,nameTokenDAO,triggerWordDAO,twStatisticDAO,twTokenDAO,twTypeDAO,org.springframework.context.annotation.internalConfigurationAnnotationProcessor,org.springframework.context.annotation.internalAutowiredAnnotationProcessor,org.springframework.context.annotation.internalRequiredAnnotationProcessor,org.springframework.context.annotation.internalCommonAnnotationProcessor,org.springframework.context.annotation.internalPersistenceAnnotationProcessor,elementManager,entityManager,etypemanager,nameManager,nameMatcher,nameSearch,dbBootstrap,misspellingsComparator,org.springframework.context.annotation.ConfigurationClassPostProcessor.importAwareProcessor]; root of factory hierarchy
dic 29, 2012 11:30:44 AM org.springframework.test.context.TestContextManager prepareTestInstance
SEVERE: Caught exception while allowing TestExecutionListener [org.springframework.test.context.support.DependencyInjectionTestExecutionListener@666c5d67] to prepare test instance [it.unitn.disi.sweb.names.utils.TestNameSearch@546849b9]
java.lang.IllegalStateException: Failed to load ApplicationContext
	at org.springframework.test.context.TestContext.getApplicationContext(TestContext.java:157)
	at org.springframework.test.context.support.DependencyInjectionTestExecutionListener.injectDependencies(DependencyInjectionTestExecutionListener.java:109)
	at org.springframework.test.context.support.DependencyInjectionTestExecutionListener.prepareTestInstance(DependencyInjectionTestExecutionListener.java:75)
	at org.springframework.test.context.TestContextManager.prepareTestInstance(TestContextManager.java:321)
	at org.springframework.test.context.junit4.SpringJUnit4ClassRunner.createTest(SpringJUnit4ClassRunner.java:211)
	at org.springframework.test.context.junit4.SpringJUnit4ClassRunner$1.runReflectiveCall(SpringJUnit4ClassRunner.java:288)
	at org.junit.internal.runners.model.ReflectiveCallable.run(ReflectiveCallable.java:15)
	at org.springframework.test.context.junit4.SpringJUnit4ClassRunner.methodBlock(SpringJUnit4ClassRunner.java:290)
	at org.springframework.test.context.junit4.SpringJUnit4ClassRunner.runChild(SpringJUnit4ClassRunner.java:231)
	at org.junit.runners.BlockJUnit4ClassRunner.runChild(BlockJUnit4ClassRunner.java:50)
	at org.junit.runners.ParentRunner$3.run(ParentRunner.java:193)
	at org.junit.runners.ParentRunner$1.schedule(ParentRunner.java:52)
	at org.junit.runners.ParentRunner.runChildren(ParentRunner.java:191)
	at org.junit.runners.ParentRunner.access$000(ParentRunner.java:42)
	at org.junit.runners.ParentRunner$2.evaluate(ParentRunner.java:184)
	at org.springframework.test.context.junit4.statements.RunBeforeTestClassCallbacks.evaluate(RunBeforeTestClassCallbacks.java:61)
	at org.springframework.test.context.junit4.statements.RunAfterTestClassCallbacks.evaluate(RunAfterTestClassCallbacks.java:71)
	at org.junit.runners.ParentRunner.run(ParentRunner.java:236)
	at org.springframework.test.context.junit4.SpringJUnit4ClassRunner.run(SpringJUnit4ClassRunner.java:174)
	at org.apache.maven.surefire.junit4.JUnit4TestSet.execute(JUnit4TestSet.java:35)
	at org.apache.maven.surefire.junit4.JUnit4Provider.executeTestSet(JUnit4Provider.java:115)
	at org.apache.maven.surefire.junit4.JUnit4Provider.invoke(JUnit4Provider.java:97)
	at sun.reflect.NativeMethodAccessorImpl.invoke0(Native Method)
	at sun.reflect.NativeMethodAccessorImpl.invoke(NativeMethodAccessorImpl.java:57)
	at sun.reflect.DelegatingMethodAccessorImpl.invoke(DelegatingMethodAccessorImpl.java:43)
	at java.lang.reflect.Method.invoke(Method.java:601)
	at org.apache.maven.surefire.booter.ProviderFactory$ClassLoaderProxy.invoke(ProviderFactory.java:103)
	at $Proxy0.invoke(Unknown Source)
	at org.apache.maven.surefire.booter.SurefireStarter.invokeProvider(SurefireStarter.java:150)
	at org.apache.maven.surefire.booter.SurefireStarter.runSuitesInProcess(SurefireStarter.java:91)
	at org.apache.maven.surefire.booter.ForkedBooter.main(ForkedBooter.java:69)
Caused by: org.springframework.beans.factory.BeanCreationException: Error creating bean with name &apos;entityManagerFactory&apos; defined in class path resource [testApplicationContext.xml]: Invocation of init method failed; nested exception is javax.persistence.PersistenceException: [PersistenceUnit: namesUnit] Unable to build EntityManagerFactory
	at org.springframework.beans.factory.support.AbstractAutowireCapableBeanFactory.initializeBean(AbstractAutowireCapableBeanFactory.java:1455)
	at org.springframework.beans.factory.support.AbstractAutowireCapableBeanFactory.doCreateBean(AbstractAutowireCapableBeanFactory.java:519)
	at org.springframework.beans.factory.support.AbstractAutowireCapableBeanFactory.createBean(AbstractAutowireCapableBeanFactory.java:456)
	at org.springframework.beans.factory.support.AbstractBeanFactory$1.getObject(AbstractBeanFactory.java:294)
	at org.springframework.beans.factory.support.DefaultSingletonBeanRegistry.getSingleton(DefaultSingletonBeanRegistry.java:225)
	at org.springframework.beans.factory.support.AbstractBeanFactory.doGetBean(AbstractBeanFactory.java:291)
	at org.springframework.beans.factory.support.AbstractBeanFactory.getBean(AbstractBeanFactory.java:193)
	at org.springframework.beans.factory.support.DefaultListableBeanFactory.preInstantiateSingletons(DefaultListableBeanFactory.java:587)
	at org.springframework.context.support.AbstractApplicationContext.finishBeanFactoryInitialization(AbstractApplicationContext.java:925)
	at org.springframework.context.support.AbstractApplicationContext.refresh(AbstractApplicationContext.java:472)
	at org.springframework.test.context.support.AbstractGenericContextLoader.loadContext(AbstractGenericContextLoader.java:103)
	at org.springframework.test.context.support.AbstractGenericContextLoader.loadContext(AbstractGenericContextLoader.java:1)
	at org.springframework.test.context.support.DelegatingSmartContextLoader.loadContext(DelegatingSmartContextLoader.java:228)
	at org.springframework.test.context.TestContext.loadApplicationContext(TestContext.java:124)
	at org.springframework.test.context.TestContext.getApplicationContext(TestContext.java:148)
	... 30 more
Caused by: javax.persistence.PersistenceException: [PersistenceUnit: namesUnit] Unable to build EntityManagerFactory
	at org.hibernate.ejb.Ejb3Configuration.buildEntityManagerFactory(Ejb3Configuration.java:915)
	at org.hibernate.ejb.Ejb3Configuration.buildEntityManagerFactory(Ejb3Configuration.java:890)
	at org.hibernate.ejb.HibernatePersistence.createEntityManagerFactory(HibernatePersistence.java:57)
	at javax.persistence.Persistence.createEntityManagerFactory(Persistence.java:63)
	at org.springframework.orm.jpa.LocalEntityManagerFactoryBean.createNativeEntityManagerFactory(LocalEntityManagerFactoryBean.java:92)
	at org.springframework.orm.jpa.AbstractEntityManagerFactoryBean.afterPropertiesSet(AbstractEntityManagerFactoryBean.java:310)
	at org.springframework.beans.factory.support.AbstractAutowireCapableBeanFactory.invokeInitMethods(AbstractAutowireCapableBeanFactory.java:1514)
	at org.springframework.beans.factory.support.AbstractAutowireCapableBeanFactory.initializeBean(AbstractAutowireCapableBeanFactory.java:1452)
	... 44 more
Caused by: org.hibernate.AnnotationException: No identifier specified for entity: it.unitn.disi.sweb.names.model.NameStatistics
	at org.hibernate.cfg.InheritanceState.determineDefaultAccessType(InheritanceState.java:277)
	at org.hibernate.cfg.InheritanceState.getElementsToProcess(InheritanceState.java:224)
	at org.hibernate.cfg.AnnotationBinder.bindClass(AnnotationBinder.java:664)
	at org.hibernate.cfg.Configuration$MetadataSourceQueue.processAnnotatedClassesQueue(Configuration.java:3443)
	at org.hibernate.cfg.Configuration$MetadataSourceQueue.processMetadata(Configuration.java:3397)
	at org.hibernate.cfg.Configuration.secondPassCompile(Configuration.java:1341)
	at org.hibernate.cfg.Configuration.buildSessionFactory(Configuration.java:1737)
	at org.hibernate.ejb.EntityManagerFactoryImpl.&lt;init&gt;(EntityManagerFactoryImpl.java:94)
	at org.hibernate.ejb.Ejb3Configuration.buildEntityManagerFactory(Ejb3Configuration.java:905)
	... 51 more

</system-err>
  </testcase>
</testsuite>