<?xml version="1.0" encoding="UTF-8" ?>
<testsuite failures="0" time="2.867" errors="0" skipped="0" tests="87" name="it.unitn.disi.sweb.names.repository.TestRepository">
  <properties>
    <property name="jboss.i18n.generate-proxies" value="true"/>
    <property name="java.runtime.name" value="Java(TM) SE Runtime Environment"/>
    <property name="sun.boot.library.path" value="/Library/Java/JavaVirtualMachines/jdk1.7.0_07.jdk/Contents/Home/jre/lib"/>
    <property name="java.vm.version" value="23.3-b01"/>
    <property name="gopherProxySet" value="false"/>
    <property name="java.vm.vendor" value="Oracle Corporation"/>
    <property name="java.vendor.url" value="http://java.oracle.com/"/>
    <property name="path.separator" value=":"/>
    <property name="java.vm.name" value="Java HotSpot(TM) 64-Bit Server VM"/>
    <property name="file.encoding.pkg" value="sun.io"/>
    <property name="user.country" value="IT"/>
    <property name="sun.java.launcher" value="SUN_STANDARD"/>
    <property name="sun.os.patch.level" value="unknown"/>
    <property name="java.vm.specification.name" value="Java Virtual Machine Specification"/>
    <property name="user.dir" value="/Users/stella/Documents/Programming/workspace/names"/>
    <property name="java.runtime.version" value="1.7.0_07-b10"/>
    <property name="java.awt.graphicsenv" value="sun.awt.CGraphicsEnvironment"/>
    <property name="basedir" value="/Users/stella/Documents/Programming/workspace/names"/>
    <property name="java.endorsed.dirs" value="/Library/Java/JavaVirtualMachines/jdk1.7.0_07.jdk/Contents/Home/jre/lib/endorsed"/>
    <property name="os.arch" value="x86_64"/>
    <property name="surefire.real.class.path" value="/Users/stella/Documents/Programming/workspace/names/target/surefire/surefirebooter1733308016231460510.jar:/var/folders/26/_3shcd7j45j4wgv623_sgf7r0000gn/T/jacocoagent1254161928489039236.jar"/>
    <property name="java.io.tmpdir" value="/var/folders/26/_3shcd7j45j4wgv623_sgf7r0000gn/T/"/>
    <property name="line.separator" value="
"/>
    <property name="java.vm.specification.vendor" value="Oracle Corporation"/>
    <property name="os.name" value="Mac OS X"/>
    <property name="sun.jnu.encoding" value="UTF-8"/>
    <property name="java.library.path" value="/Users/stella/Library/Java/Extensions:/Library/Java/Extensions:/Network/Library/Java/Extensions:/System/Library/Java/Extensions:/usr/lib/java:."/>
    <property name="surefire.test.class.path" value="/Users/stella/Documents/Programming/workspace/names/target/test-classes:/Users/stella/Documents/Programming/workspace/names/target/classes:/Users/stella/.m2/repository/org/hibernate/hibernate-core/4.1.9.Final/hibernate-core-4.1.9.Final.jar:/Users/stella/.m2/repository/antlr/antlr/2.7.7/antlr-2.7.7.jar:/Users/stella/.m2/repository/org/jboss/logging/jboss-logging/3.1.0.GA/jboss-logging-3.1.0.GA.jar:/Users/stella/.m2/repository/org/javassist/javassist/3.17.1-GA/javassist-3.17.1-GA.jar:/Users/stella/.m2/repository/org/jboss/spec/javax/transaction/jboss-transaction-api_1.1_spec/1.0.0.Final/jboss-transaction-api_1.1_spec-1.0.0.Final.jar:/Users/stella/.m2/repository/dom4j/dom4j/1.6.1/dom4j-1.6.1.jar:/Users/stella/.m2/repository/org/hibernate/javax/persistence/hibernate-jpa-2.0-api/1.0.1.Final/hibernate-jpa-2.0-api-1.0.1.Final.jar:/Users/stella/.m2/repository/org/hibernate/common/hibernate-commons-annotations/4.0.1.Final/hibernate-commons-annotations-4.0.1.Final.jar:/Users/stella/.m2/repository/org/springframework/spring-core/3.1.3.RELEASE/spring-core-3.1.3.RELEASE.jar:/Users/stella/.m2/repository/org/springframework/spring-asm/3.1.3.RELEASE/spring-asm-3.1.3.RELEASE.jar:/Users/stella/.m2/repository/commons-logging/commons-logging/1.1.1/commons-logging-1.1.1.jar:/Users/stella/.m2/repository/org/springframework/spring-orm/3.1.3.RELEASE/spring-orm-3.1.3.RELEASE.jar:/Users/stella/.m2/repository/org/springframework/spring-jdbc/3.1.3.RELEASE/spring-jdbc-3.1.3.RELEASE.jar:/Users/stella/.m2/repository/org/springframework/spring-tx/3.1.3.RELEASE/spring-tx-3.1.3.RELEASE.jar:/Users/stella/.m2/repository/aopalliance/aopalliance/1.0/aopalliance-1.0.jar:/Users/stella/.m2/repository/org/springframework/spring-aop/3.1.3.RELEASE/spring-aop-3.1.3.RELEASE.jar:/Users/stella/.m2/repository/org/springframework/spring-context/3.1.3.RELEASE/spring-context-3.1.3.RELEASE.jar:/Users/stella/.m2/repository/org/springframework/spring-expression/3.1.3.RELEASE/spring-expression-3.1.3.RELEASE.jar:/Users/stella/.m2/repository/org/springframework/spring-beans/3.1.3.RELEASE/spring-beans-3.1.3.RELEASE.jar:/Users/stella/.m2/repository/postgresql/postgresql/9.1-901-1.jdbc4/postgresql-9.1-901-1.jdbc4.jar:/Users/stella/.m2/repository/org/springframework/spring-test/3.1.3.RELEASE/spring-test-3.1.3.RELEASE.jar:/Users/stella/.m2/repository/commons-dbcp/commons-dbcp/20030825.184428/commons-dbcp-20030825.184428.jar:/Users/stella/.m2/repository/commons-pool/commons-pool/20030825.183949/commons-pool-20030825.183949.jar:/Users/stella/.m2/repository/jtidy/jtidy/4aug2000r7-dev/jtidy-4aug2000r7-dev.jar:/Users/stella/.m2/repository/com/itextpdf/itextpdf/5.3.4/itextpdf-5.3.4.jar:/Users/stella/.m2/repository/com/itextpdf/tool/xmlworker/1.2.1/xmlworker-1.2.1.jar:/Users/stella/.m2/repository/org/bouncycastle/bcmail-jdk16/1.46/bcmail-jdk16-1.46.jar:/Users/stella/.m2/repository/org/bouncycastle/bcprov-jdk16/1.46/bcprov-jdk16-1.46.jar:/Users/stella/.m2/repository/org/bouncycastle/bctsp-jdk16/1.46/bctsp-jdk16-1.46.jar:/Users/stella/.m2/repository/org/bouncycastle/bcpg-jdk16/1.46/bcpg-jdk16-1.46.jar:/Users/stella/.m2/repository/org/hibernate/hibernate-entitymanager/4.1.9.Final/hibernate-entitymanager-4.1.9.Final.jar:/Users/stella/.m2/repository/junit/junit/4.8.1/junit-4.8.1.jar:/Users/stella/.m2/repository/log4j/log4j/1.2.17/log4j-1.2.17.jar:/Users/stella/.m2/repository/cglib/cglib/2.2/cglib-2.2.jar:/Users/stella/.m2/repository/asm/asm/3.1/asm-3.1.jar:"/>
    <property name="java.specification.name" value="Java Platform API Specification"/>
    <property name="java.class.version" value="51.0"/>
    <property name="sun.management.compiler" value="HotSpot 64-Bit Tiered Compilers"/>
    <property name="os.version" value="10.8.2"/>
    <property name="http.nonProxyHosts" value="local|*.local|169.254/16|*.169.254/16"/>
    <property name="user.home" value="/Users/stella"/>
    <property name="user.timezone" value="Europe/Rome"/>
    <property name="java.awt.printerjob" value="sun.lwawt.macosx.CPrinterJob"/>
    <property name="java.specification.version" value="1.7"/>
    <property name="file.encoding" value="UTF-8"/>
    <property name="user.name" value="stella"/>
    <property name="java.class.path" value="/Users/stella/Documents/Programming/workspace/names/target/test-classes:/Users/stella/Documents/Programming/workspace/names/target/classes:/Users/stella/.m2/repository/org/hibernate/hibernate-core/4.1.9.Final/hibernate-core-4.1.9.Final.jar:/Users/stella/.m2/repository/antlr/antlr/2.7.7/antlr-2.7.7.jar:/Users/stella/.m2/repository/org/jboss/logging/jboss-logging/3.1.0.GA/jboss-logging-3.1.0.GA.jar:/Users/stella/.m2/repository/org/javassist/javassist/3.17.1-GA/javassist-3.17.1-GA.jar:/Users/stella/.m2/repository/org/jboss/spec/javax/transaction/jboss-transaction-api_1.1_spec/1.0.0.Final/jboss-transaction-api_1.1_spec-1.0.0.Final.jar:/Users/stella/.m2/repository/dom4j/dom4j/1.6.1/dom4j-1.6.1.jar:/Users/stella/.m2/repository/org/hibernate/javax/persistence/hibernate-jpa-2.0-api/1.0.1.Final/hibernate-jpa-2.0-api-1.0.1.Final.jar:/Users/stella/.m2/repository/org/hibernate/common/hibernate-commons-annotations/4.0.1.Final/hibernate-commons-annotations-4.0.1.Final.jar:/Users/stella/.m2/repository/org/springframework/spring-core/3.1.3.RELEASE/spring-core-3.1.3.RELEASE.jar:/Users/stella/.m2/repository/org/springframework/spring-asm/3.1.3.RELEASE/spring-asm-3.1.3.RELEASE.jar:/Users/stella/.m2/repository/commons-logging/commons-logging/1.1.1/commons-logging-1.1.1.jar:/Users/stella/.m2/repository/org/springframework/spring-orm/3.1.3.RELEASE/spring-orm-3.1.3.RELEASE.jar:/Users/stella/.m2/repository/org/springframework/spring-jdbc/3.1.3.RELEASE/spring-jdbc-3.1.3.RELEASE.jar:/Users/stella/.m2/repository/org/springframework/spring-tx/3.1.3.RELEASE/spring-tx-3.1.3.RELEASE.jar:/Users/stella/.m2/repository/aopalliance/aopalliance/1.0/aopalliance-1.0.jar:/Users/stella/.m2/repository/org/springframework/spring-aop/3.1.3.RELEASE/spring-aop-3.1.3.RELEASE.jar:/Users/stella/.m2/repository/org/springframework/spring-context/3.1.3.RELEASE/spring-context-3.1.3.RELEASE.jar:/Users/stella/.m2/repository/org/springframework/spring-expression/3.1.3.RELEASE/spring-expression-3.1.3.RELEASE.jar:/Users/stella/.m2/repository/org/springframework/spring-beans/3.1.3.RELEASE/spring-beans-3.1.3.RELEASE.jar:/Users/stella/.m2/repository/postgresql/postgresql/9.1-901-1.jdbc4/postgresql-9.1-901-1.jdbc4.jar:/Users/stella/.m2/repository/org/springframework/spring-test/3.1.3.RELEASE/spring-test-3.1.3.RELEASE.jar:/Users/stella/.m2/repository/commons-dbcp/commons-dbcp/20030825.184428/commons-dbcp-20030825.184428.jar:/Users/stella/.m2/repository/commons-pool/commons-pool/20030825.183949/commons-pool-20030825.183949.jar:/Users/stella/.m2/repository/jtidy/jtidy/4aug2000r7-dev/jtidy-4aug2000r7-dev.jar:/Users/stella/.m2/repository/com/itextpdf/itextpdf/5.3.4/itextpdf-5.3.4.jar:/Users/stella/.m2/repository/com/itextpdf/tool/xmlworker/1.2.1/xmlworker-1.2.1.jar:/Users/stella/.m2/repository/org/bouncycastle/bcmail-jdk16/1.46/bcmail-jdk16-1.46.jar:/Users/stella/.m2/repository/org/bouncycastle/bcprov-jdk16/1.46/bcprov-jdk16-1.46.jar:/Users/stella/.m2/repository/org/bouncycastle/bctsp-jdk16/1.46/bctsp-jdk16-1.46.jar:/Users/stella/.m2/repository/org/bouncycastle/bcpg-jdk16/1.46/bcpg-jdk16-1.46.jar:/Users/stella/.m2/repository/org/hibernate/hibernate-entitymanager/4.1.9.Final/hibernate-entitymanager-4.1.9.Final.jar:/Users/stella/.m2/repository/junit/junit/4.8.1/junit-4.8.1.jar:/Users/stella/.m2/repository/log4j/log4j/1.2.17/log4j-1.2.17.jar:/Users/stella/.m2/repository/cglib/cglib/2.2/cglib-2.2.jar:/Users/stella/.m2/repository/asm/asm/3.1/asm-3.1.jar:"/>
    <property name="java.vm.specification.version" value="1.7"/>
    <property name="sun.arch.data.model" value="64"/>
    <property name="java.home" value="/Library/Java/JavaVirtualMachines/jdk1.7.0_07.jdk/Contents/Home/jre"/>
    <property name="sun.java.command" value="/Users/stella/Documents/Programming/workspace/names/target/surefire/surefirebooter1733308016231460510.jar /Users/stella/Documents/Programming/workspace/names/target/surefire/surefire5237798132050975114tmp /Users/stella/Documents/Programming/workspace/names/target/surefire/surefire3950867479602119790tmp"/>
    <property name="java.specification.vendor" value="Oracle Corporation"/>
    <property name="user.language" value="it"/>
    <property name="awt.toolkit" value="sun.lwawt.macosx.LWCToolkit"/>
    <property name="java.vm.info" value="mixed mode"/>
    <property name="java.version" value="1.7.0_07"/>
    <property name="java.ext.dirs" value="/Users/stella/Library/Java/Extensions:/Library/Java/JavaVirtualMachines/jdk1.7.0_07.jdk/Contents/Home/jre/lib/ext:/Library/Java/Extensions:/Network/Library/Java/Extensions:/System/Library/Java/Extensions:/usr/lib/java"/>
    <property name="sun.boot.class.path" value="/Library/Java/JavaVirtualMachines/jdk1.7.0_07.jdk/Contents/Home/jre/lib/resources.jar:/Library/Java/JavaVirtualMachines/jdk1.7.0_07.jdk/Contents/Home/jre/lib/rt.jar:/Library/Java/JavaVirtualMachines/jdk1.7.0_07.jdk/Contents/Home/jre/lib/sunrsasign.jar:/Library/Java/JavaVirtualMachines/jdk1.7.0_07.jdk/Contents/Home/jre/lib/jsse.jar:/Library/Java/JavaVirtualMachines/jdk1.7.0_07.jdk/Contents/Home/jre/lib/jce.jar:/Library/Java/JavaVirtualMachines/jdk1.7.0_07.jdk/Contents/Home/jre/lib/charsets.jar:/Library/Java/JavaVirtualMachines/jdk1.7.0_07.jdk/Contents/Home/jre/lib/jfr.jar:/Library/Java/JavaVirtualMachines/jdk1.7.0_07.jdk/Contents/Home/jre/lib/JObjC.jar:/Library/Java/JavaVirtualMachines/jdk1.7.0_07.jdk/Contents/Home/jre/classes"/>
    <property name="java.vendor" value="Oracle Corporation"/>
    <property name="localRepository" value="/Users/stella/.m2/repository"/>
    <property name="file.separator" value="/"/>
    <property name="java.vendor.url.bug" value="http://bugreport.sun.com/bugreport/"/>
    <property name="sun.cpu.endian" value="little"/>
    <property name="sun.io.unicode.encoding" value="UnicodeBig"/>
    <property name="socksNonProxyHosts" value="local|*.local|169.254/16|*.169.254/16"/>
    <property name="ftp.nonProxyHosts" value="local|*.local|169.254/16|*.169.254/16"/>
    <property name="sun.cpu.isalist" value=""/>
  </properties>
  <testcase time="0.01" classname="it.unitn.disi.sweb.names.repository.TestEntityDAO" name="testSave"/>
  <testcase time="0.011" classname="it.unitn.disi.sweb.names.repository.TestEntityDAO" name="testUpdate"/>
  <testcase time="0.006" classname="it.unitn.disi.sweb.names.repository.TestEntityDAO" name="testFindById"/>
  <testcase time="0.023" classname="it.unitn.disi.sweb.names.repository.TestEntityDAO" name="testFindByName"/>
  <testcase time="0.024" classname="it.unitn.disi.sweb.names.repository.TestEntityDAO" name="testFindByNameEtype"/>
  <testcase time="0.007" classname="it.unitn.disi.sweb.names.repository.TestEntityDAO" name="testFindByUrl"/>
  <testcase time="0.023" classname="it.unitn.disi.sweb.names.repository.TestEntityDAO" name="testFindByNameUrl"/>
  <testcase time="0.01" classname="it.unitn.disi.sweb.names.repository.TestEntityDAO" name="testFindByEtype"/>
  <testcase time="0.007" classname="it.unitn.disi.sweb.names.repository.TestEtypeDAO" name="testSave"/>
  <testcase time="0.007" classname="it.unitn.disi.sweb.names.repository.TestEtypeDAO" name="testUpdate"/>
  <testcase time="0.004" classname="it.unitn.disi.sweb.names.repository.TestEtypeDAO" name="testFindById"/>
  <testcase time="0.005" classname="it.unitn.disi.sweb.names.repository.TestEtypeDAO" name="testFindByName"/>
  <testcase time="0.005" classname="it.unitn.disi.sweb.names.repository.TestEtypeDAO" name="testFindAll"/>
  <testcase time="0.01" classname="it.unitn.disi.sweb.names.repository.TestFullNameDAO" name="testSave"/>
  <testcase time="0.014" classname="it.unitn.disi.sweb.names.repository.TestFullNameDAO" name="testUpdate"/>
  <testcase time="0.007" classname="it.unitn.disi.sweb.names.repository.TestFullNameDAO" name="testFindById"/>
  <testcase time="0.011" classname="it.unitn.disi.sweb.names.repository.TestFullNameDAO" name="testFindByName"/>
  <testcase time="0.008" classname="it.unitn.disi.sweb.names.repository.TestFullNameDAO" name="testFindByNameEtype"/>
  <testcase time="0.009" classname="it.unitn.disi.sweb.names.repository.TestFullNameDAO" name="testFindByNameNormalized"/>
  <testcase time="0.009" classname="it.unitn.disi.sweb.names.repository.TestFullNameDAO" name="testFindByNameToCompare"/>
  <testcase time="0.009" classname="it.unitn.disi.sweb.names.repository.TestFullNameDAO" name="testFindByEntity"/>
  <testcase time="0.012" classname="it.unitn.disi.sweb.names.repository.TestFullNameDAO" name="testFindByEntityName"/>
  <testcase time="0.012" classname="it.unitn.disi.sweb.names.repository.TestFullNameDAO" name="testFindVariant"/>
  <testcase time="0.008" classname="it.unitn.disi.sweb.names.repository.TestFullNameDAO" name="testFindByToken"/>
  <testcase time="0.01" classname="it.unitn.disi.sweb.names.repository.TestFullNameDAO" name="testFindByNgram"/>
  <testcase time="0.02" classname="it.unitn.disi.sweb.names.repository.TestIndividualNameDAO" name="testIsTranslation"/>
  <testcase time="0.018" classname="it.unitn.disi.sweb.names.repository.TestIndividualNameDAO" name="testFindTranslations"/>
  <testcase time="0.016" classname="it.unitn.disi.sweb.names.repository.TestIndividualNameDAO" name="testSave"/>
  <testcase time="0.017" classname="it.unitn.disi.sweb.names.repository.TestIndividualNameDAO" name="testUpdate"/>
  <testcase time="0.012" classname="it.unitn.disi.sweb.names.repository.TestIndividualNameDAO" name="testFindById"/>
  <testcase time="0.015" classname="it.unitn.disi.sweb.names.repository.TestIndividualNameDAO" name="testFindByName"/>
  <testcase time="0.016" classname="it.unitn.disi.sweb.names.repository.TestIndividualNameDAO" name="testFindByNameEtype"/>
  <testcase time="0.009" classname="it.unitn.disi.sweb.names.repository.TestNameElementDAO" name="testFindName"/>
  <testcase time="0.011" classname="it.unitn.disi.sweb.names.repository.TestNameElementDAO" name="testFindByEType"/>
  <testcase time="0.008" classname="it.unitn.disi.sweb.names.repository.TestNameElementDAO" name="testFindByNameEType"/>
  <testcase time="0.011" classname="it.unitn.disi.sweb.names.repository.TestNameElementDAO" name="testSave"/>
  <testcase time="0.011" classname="it.unitn.disi.sweb.names.repository.TestNameElementDAO" name="testUpdate"/>
  <testcase time="0.008" classname="it.unitn.disi.sweb.names.repository.TestNameElementDAO" name="testFindById"/>
  <testcase time="0.01" classname="it.unitn.disi.sweb.names.repository.TestNameElementDAO" name="testFindAll"/>
  <testcase time="0.019" classname="it.unitn.disi.sweb.names.repository.TestNameStatisticDAO" name="testFindByNameElement"/>
  <testcase time="0.019" classname="it.unitn.disi.sweb.names.repository.TestNameStatisticDAO" name="testSave"/>
  <testcase time="0.021" classname="it.unitn.disi.sweb.names.repository.TestNameStatisticDAO" name="testUpdate"/>
  <testcase time="0.013" classname="it.unitn.disi.sweb.names.repository.TestNameStatisticDAO" name="testFindById"/>
  <testcase time="0.015" classname="it.unitn.disi.sweb.names.repository.TestNameStatisticDAO" name="testFindByName"/>
  <testcase time="0.019" classname="it.unitn.disi.sweb.names.repository.TestNameTokenDAO" name="testSave"/>
  <testcase time="0.023" classname="it.unitn.disi.sweb.names.repository.TestNameTokenDAO" name="testUpdate"/>
  <testcase time="0.019" classname="it.unitn.disi.sweb.names.repository.TestNameTokenDAO" name="testFindById"/>
  <testcase time="0.02" classname="it.unitn.disi.sweb.names.repository.TestNameTokenDAO" name="testFindByFullNameIndividualName"/>
  <testcase time="0.02" classname="it.unitn.disi.sweb.names.repository.TestNameTokenDAO" name="testFindByFullName"/>
  <testcase time="0.023" classname="it.unitn.disi.sweb.names.repository.TestNameTokenDAO" name="testFindByIndividualName"/>
  <testcase time="0.025" classname="it.unitn.disi.sweb.names.repository.TestPrefixDAO" name="testSave"/>
  <testcase time="0.028" classname="it.unitn.disi.sweb.names.repository.TestPrefixDAO" name="testUpdate"/>
  <testcase time="0.024" classname="it.unitn.disi.sweb.names.repository.TestPrefixDAO" name="testFindById"/>
  <testcase time="0.021" classname="it.unitn.disi.sweb.names.repository.TestPrefixDAO" name="testFindByPrefix"/>
  <testcase time="0.027" classname="it.unitn.disi.sweb.names.repository.TestPrefixDAO" name="testFindByPrefixSelected"/>
  <testcase time="0.023" classname="it.unitn.disi.sweb.names.repository.TestTriggerWordDAO" name="testSave"/>
  <testcase time="0.018" classname="it.unitn.disi.sweb.names.repository.TestTriggerWordDAO" name="testUpdate"/>
  <testcase time="0.008" classname="it.unitn.disi.sweb.names.repository.TestTriggerWordDAO" name="testFindById"/>
  <testcase time="0.021" classname="it.unitn.disi.sweb.names.repository.TestTriggerWordDAO" name="testFindVariations"/>
  <testcase time="0.009" classname="it.unitn.disi.sweb.names.repository.TestTriggerWordDAO" name="testFindByTriggerWord"/>
  <testcase time="0.009" classname="it.unitn.disi.sweb.names.repository.TestTriggerWordDAO" name="testFindByTriggerWordEtype"/>
  <testcase time="0.029" classname="it.unitn.disi.sweb.names.repository.TestTriggerWordDAO" name="testIsVariation"/>
  <testcase time="0.024" classname="it.unitn.disi.sweb.names.repository.TestTriggerWordStatisticDAO" name="testSave"/>
  <testcase time="0.029" classname="it.unitn.disi.sweb.names.repository.TestTriggerWordStatisticDAO" name="testUpdate"/>
  <testcase time="0.011" classname="it.unitn.disi.sweb.names.repository.TestTriggerWordStatisticDAO" name="testFindById"/>
  <testcase time="0.016" classname="it.unitn.disi.sweb.names.repository.TestTriggerWordStatisticDAO" name="testFindByTriggerWord"/>
  <testcase time="0.02" classname="it.unitn.disi.sweb.names.repository.TestTriggerWordStatisticDAO" name="testFindByTriggerWordEtype"/>
  <testcase time="1.32" classname="it.unitn.disi.sweb.names.repository.TestTriggerWordTokenDAO" name="testSave"/>
  <testcase time="0.026" classname="it.unitn.disi.sweb.names.repository.TestTriggerWordTokenDAO" name="testFindById"/>
  <testcase time="0.028" classname="it.unitn.disi.sweb.names.repository.TestTriggerWordTokenDAO" name="testFindByFullName"/>
  <testcase time="0.027" classname="it.unitn.disi.sweb.names.repository.TestTriggerWordTokenDAO" name="testFindByTriggerWord"/>
  <testcase time="0.061" classname="it.unitn.disi.sweb.names.repository.TestTriggerWordTokenDAO" name="testUpload"/>
  <testcase time="0.037" classname="it.unitn.disi.sweb.names.repository.TestTriggerWordTokenDAO" name="testFindByTriggerWordFullName"/>
  <testcase time="0.035" classname="it.unitn.disi.sweb.names.repository.TestTriggerWordTokenDAO" name="testFindByFullNamePosition"/>
  <testcase time="0.019" classname="it.unitn.disi.sweb.names.repository.TestTriggerWordTypeDAO" name="testFindByEType"/>
  <testcase time="0.007" classname="it.unitn.disi.sweb.names.repository.TestTriggerWordTypeDAO" name="testFindByNameEType"/>
  <testcase time="0.009" classname="it.unitn.disi.sweb.names.repository.TestTriggerWordTypeDAO" name="testSave"/>
  <testcase time="0.013" classname="it.unitn.disi.sweb.names.repository.TestTriggerWordTypeDAO" name="testUpdate"/>
  <testcase time="0.006" classname="it.unitn.disi.sweb.names.repository.TestTriggerWordTypeDAO" name="testFindById"/>
  <testcase time="0.009" classname="it.unitn.disi.sweb.names.repository.TestTriggerWordTypeDAO" name="testFindByName"/>
  <testcase time="0.015" classname="it.unitn.disi.sweb.names.repository.TestTriggerWordTypeDAO" name="testFindAll"/>
  <testcase time="0.043" classname="it.unitn.disi.sweb.names.repository.TestUsageStatisticDAO" name="testSave"/>
  <testcase time="0.028" classname="it.unitn.disi.sweb.names.repository.TestUsageStatisticDAO" name="testUpdate"/>
  <testcase time="0.029" classname="it.unitn.disi.sweb.names.repository.TestUsageStatisticDAO" name="testFindById"/>
  <testcase time="0.031" classname="it.unitn.disi.sweb.names.repository.TestUsageStatisticDAO" name="testFindByQuery"/>
  <testcase time="0.031" classname="it.unitn.disi.sweb.names.repository.TestUsageStatisticDAO" name="testFindByQuerySelected"/>
  <testcase time="0.03" classname="it.unitn.disi.sweb.names.repository.TestUsageStatisticDAO" name="testFindAll"/>
</testsuite>